Start testing: Oct 31 17:07 CET
----------------------------------------------------------
2/2 Testing: qa_compact_file_sink
2/2 Test: qa_compact_file_sink
Command: "/bin/sh" "/home/ns3/Documents/grc/modules/gr-compacter/build/python/qa_compact_file_sink_test.sh"
Directory: /home/ns3/Documents/grc/modules/gr-compacter/build/python
"qa_compact_file_sink" start time: Oct 31 17:07 CET
Output:
----------------------------------------------------------
bitset_length: 312
*compact_size: 39
padding_bits: 6
compact_size 39): 
compact_bitset.size()/8 39
char buffer (size = 39): 
Transferring buffer from function 16
compact size: 39
Wrote 39 bytes to file
time_stamp: 1.5410020703e+12
sample_rate: 2000000
fft_size: 1024
center_freq: 868300000
vector_no: 0
compact_length: 5
compact_format: 1
format 1
bytes to read: 27
dataDict: {0: [(0, -50.0), (6, -55.0), (8, -50.0), (9, -20.0), (11, -25.0)]}
bitset_length: 312
*compact_size: 39
padding_bits: 6
compact_size 39): 
compact_bitset.size()/8 39
char buffer (size = 39): 
Transferring buffer from function 16
compact size: 39
Wrote 39 bytes to file
.
----------------------------------------------------------------------
Ran 1 test in 0.003s

OK
time_stamp: 1.5410020703e+12
sample_rate: 2000000
fft_size: 1024
center_freq: 868300000
vector_no: 0
compact_length: 5
compact_format: 1
format 1
bytes to read: 27
dataDict: {0: [(0, -50.0), (6, -55.0), (8, -50.0), (9, -20.0), (11, -25.0)]}
<end of output>
Test time =   0.21 sec
----------------------------------------------------------
Test Passed.
"qa_compact_file_sink" end time: Oct 31 17:07 CET
"qa_compact_file_sink" time elapsed: 00:00:00
----------------------------------------------------------

End testing: Oct 31 17:07 CET
