Start testing: Nov 02 16:52 CET
----------------------------------------------------------
1/2 Testing: test_compacter
1/2 Test: test_compacter
Command: "/bin/sh" "/home/ns3/Documents/grc/modules/gr-compacter/build/lib/test_compacter_test.sh"
Directory: /home/ns3/Documents/grc/modules/gr-compacter/build/lib
"test_compacter" start time: Nov 02 16:52 CET
Output:
----------------------------------------------------------


<end of output>
Test time =   0.03 sec
----------------------------------------------------------
Test Passed.
"test_compacter" end time: Nov 02 16:52 CET
"test_compacter" time elapsed: 00:00:00
----------------------------------------------------------

2/2 Testing: qa_compact_file_sink
2/2 Test: qa_compact_file_sink
Command: "/bin/sh" "/home/ns3/Documents/grc/modules/gr-compacter/build/python/qa_compact_file_sink_test.sh"
Directory: /home/ns3/Documents/grc/modules/gr-compacter/build/python
"qa_compact_file_sink" start time: Nov 02 16:52 CET
Output:
----------------------------------------------------------
Test_001: Check that unpacking format=1 works
noutput_items: 2
Test_001: Completed 

Test_002: Check that unpacking format=0 works
noutput_items: 2
Test_002: Completed 

Test_003: Check that unpacking a file without values works
noutput_items: 2
Test_003: Completed 

Test_001: Check that unpacking format=1 works
noutput_items: 2
.Test_001: Completed 

Test_002: Check that unpacking format=0 works
noutput_items: 2
.Test_002: Completed 

Test_003: Check that unpacking a file without values works
noutput_items: 2
.
----------------------------------------------------------------------
Ran 3 tests in 0.019s

OK
Test_003: Completed 

<end of output>
Test time =   0.30 sec
----------------------------------------------------------
Test Passed.
"qa_compact_file_sink" end time: Nov 02 16:52 CET
"qa_compact_file_sink" time elapsed: 00:00:00
----------------------------------------------------------

End testing: Nov 02 16:52 CET
