Start testing: Oct 30 10:47 CET
----------------------------------------------------------
2/2 Testing: qa_compact_file_sink
2/2 Test: qa_compact_file_sink
Command: "/bin/sh" "/home/ns3/Documents/grc/modules/gr-compacter/build/python/qa_compact_file_sink_test.sh"
Directory: /home/ns3/Documents/grc/modules/gr-compacter/build/python
"qa_compact_file_sink" start time: Oct 30 10:47 CET
Output:
----------------------------------------------------------
vector_no:  1111111100000000000000000000000000000000000000000000000000000000000000000000000000000000000000000000000000000000000000000000000000000000000000000000000000000000000000000000000000000000
length_format[]: 1
length_format: 01110100000000000000000000000001
bitset before converting to char buffer: 0000000000000000000000000000000000000000000000000000000000000000011101000000000000000000000000010000000000000000000001100000000000000000000000001110100100001100000000000000000000000000
bytes.size() 0): 
compact_size 23): 
char buffer (size = 23): Transferring following buffer: > 00000000> 00000000> 00000000> 00000000> 00000000> 00000000> 00000000> 00000000> 00101110> 00000000> 00000000> 10000000> 00000000> 00000000> 01100000> 00000000> 00000000> 00000000> 10010111> 00110000> 00000000> 00000000> 00000000

Writing following buffer to file: > 00000000> 00000000> 00000000> 00000000> 00000000> 00000000> 00000000> 00000000> 00101110> 00000000> 00000000> 10000000> 00000000> 00000000> 01100000> 00000000> 00000000> 00000000> 10010111> 00110000> 00000000> 00000000> 00000000
time_stamp: (1540891710042.0,)
sample_rate: (2000000,)
fft_size: (1024,)
center_freq: (868300000,)
vector_no: (0,)
struct.unpack_from(): (0,)
length_format: 00101110000000000000000010000000
compact_format: False
vector_no:  1111111100000000000000000000000000000000000000000000000000000000000010101010001001001010011000101100001011110010101010100111001000101010101000100100101011001010111110101111001001110010
length_format[]: 1
length_format: 01110100000000000000000000000001
bitset before converting to char buffer: 0000000000000000000000000000000000000000000000000000000000000000011101000000000000000000000000010000000000000000000001100000000000000000000000001110100100001100000000000000000000000000
bytes.size() 0): 
compact_size 23): 
char buffer (size = 23): Transferring following buffer: > 00000000> 00000000> 00000000> 00000000> 00000000> 00000000> 00000000> 00000000> 00101110> 00000000> 00000000> 10000000> 00000000> 00000000> 01100000> 00000000> 00000000> 00000000> 10010111> 00110000> 00000000> 00000000> 00000000

Writing following buffer to file: > 00000000> 00000000> 00000000> 00000000> 00000000> 00000000> 00000000> 00000000> 00101110> 00000000> 00000000> 10000000> 00000000> 00000000> 01100000> 00000000> 00000000> 00000000> 10010111> 00110000> 00000000> 00000000> 00000000
E
======================================================================
ERROR: test_001_t (__main__.qa_compact_file_sink)
----------------------------------------------------------------------
Traceback (most recent call last):
  File "/home/ns3/Documents/grc/modules/gr-compacter/python/qa_compact_file_sink.py", line 70, in test_001_t
    length = length_format.tobytes() >> 1
TypeError: unsupported operand type(s) for >>: 'str' and 'int'

----------------------------------------------------------------------
Ran 1 test in 0.029s

FAILED (errors=1)
time_stamp: (1540891710042.0,)
sample_rate: (2000000,)
fft_size: (1024,)
center_freq: (868300000,)
vector_no: (0,)
struct.unpack_from(): (0,)
length_format: 00101110000000000000000010000000
compact_format: False
<end of output>
Test time =   0.21 sec
----------------------------------------------------------
Test Failed.
"qa_compact_file_sink" end time: Oct 30 10:47 CET
"qa_compact_file_sink" time elapsed: 00:00:00
----------------------------------------------------------

End testing: Oct 30 10:47 CET
